# JRE version: Java(TM) SE Runtime Environment (8.0_111-b14) (build 1.8.0_111-b14)
# Java VM: Java HotSpot(TM) 64-Bit Server VM (25.111-b14 mixed mode windows-amd64 compressed oops)
Heap:
 PSYoungGen      total 33792K, used 28110K [0x00000000e0000000, 0x00000000e2900000, 0x0000000100000000)
  eden space 30208K, 81% used [0x00000000e0000000,0x00000000e17f5088,0x00000000e1d80000)
  from space 3584K, 99% used [0x00000000e1d80000,0x00000000e20fea90,0x00000000e2100000)
  to   space 4096K, 0% used [0x00000000e2500000,0x00000000e2500000,0x00000000e2900000)
 ParOldGen       total 50688K, used 29377K [0x00000000a0000000, 0x00000000a3180000, 0x00000000e0000000)
  object space 50688K, 57% used [0x00000000a0000000,0x00000000a1cb0408,0x00000000a3180000)
 Metaspace       used 61686K, capacity 63440K, committed 63616K, reserved 1103872K
  class space    used 8318K, capacity 8733K, committed 8832K, reserved 1048576K
GC Heap History (10 events):
Event: 236.324 GC heap before
{Heap before GC invocations=52 (full 2):
 PSYoungGen      total 27136K, used 25320K [0x00000000e0000000, 0x00000000e2200000, 0x0000000100000000)
  eden space 23040K, 100% used [0x00000000e0000000,0x00000000e1680000,0x00000000e1680000)
  from space 4096K, 55% used [0x00000000e1680000,0x00000000e18ba010,0x00000000e1a80000)
  to   space 4096K, 0% used [0x00000000e1e00000,0x00000000e1e00000,0x00000000e2200000)
 ParOldGen       total 30720K, used 25054K [0x00000000a0000000, 0x00000000a1e00000, 0x00000000e0000000)
  object space 30720K, 81% used [0x00000000a0000000,0x00000000a1877b38,0x00000000a1e00000)
 Metaspace       used 55459K, capacity 56930K, committed 57216K, reserved 1097728K
  class space    used 7690K, capacity 8030K, committed 8064K, reserved 1048576K
Event: 236.352 GC heap after
Heap after GC invocations=52 (full 2):
 PSYoungGen      total 30720K, used 2696K [0x00000000e0000000, 0x00000000e2200000, 0x0000000100000000)
  eden space 26624K, 0% used [0x00000000e0000000,0x00000000e0000000,0x00000000e1a00000)
  from space 4096K, 65% used [0x00000000e1e00000,0x00000000e20a2378,0x00000000e2200000)
  to   space 4096K, 0% used [0x00000000e1a00000,0x00000000e1a00000,0x00000000e1e00000)
 ParOldGen       total 30720K, used 26494K [0x00000000a0000000, 0x00000000a1e00000, 0x00000000e0000000)
  object space 30720K, 86% used [0x00000000a0000000,0x00000000a19dfb68,0x00000000a1e00000)
 Metaspace       used 55459K, capacity 56930K, committed 57216K, reserved 1097728K
  class space    used 7690K, capacity 8030K, committed 8064K, reserved 1048576K
}
Event: 240.349 GC heap before
{Heap before GC invocations=53 (full 2):
 PSYoungGen      total 30720K, used 29320K [0x00000000e0000000, 0x00000000e2200000, 0x0000000100000000)
  eden space 26624K, 100% used [0x00000000e0000000,0x00000000e1a00000,0x00000000e1a00000)
  from space 4096K, 65% used [0x00000000e1e00000,0x00000000e20a2378,0x00000000e2200000)
  to   space 4096K, 0% used [0x00000000e1a00000,0x00000000e1a00000,0x00000000e1e00000)
 ParOldGen       total 30720K, used 26494K [0x00000000a0000000, 0x00000000a1e00000, 0x00000000e0000000)
  object space 30720K, 86% used [0x00000000a0000000,0x00000000a19dfb68,0x00000000a1e00000)
 Metaspace       used 57078K, capacity 58632K, committed 58752K, reserved 1099776K
  class space    used 7936K, capacity 8289K, committed 8320K, reserved 1048576K
Event: 240.363 GC heap after
Heap after GC invocations=53 (full 2):
 PSYoungGen      total 30720K, used 2176K [0x00000000e0000000, 0x00000000e2580000, 0x0000000100000000)
  eden space 26624K, 0% used [0x00000000e0000000,0x00000000e0000000,0x00000000e1a00000)
  from space 4096K, 53% used [0x00000000e1a00000,0x00000000e1c20378,0x00000000e1e00000)
  to   space 4096K, 0% used [0x00000000e2180000,0x00000000e2180000,0x00000000e2580000)
 ParOldGen       total 30720K, used 27553K [0x00000000a0000000, 0x00000000a1e00000, 0x00000000e0000000)
  object space 30720K, 89% used [0x00000000a0000000,0x00000000a1ae87f0,0x00000000a1e00000)
 Metaspace       used 57078K, capacity 58632K, committed 58752K, reserved 1099776K
  class space    used 7936K, capacity 8289K, committed 8320K, reserved 1048576K
}
Event: 244.125 GC heap before
{Heap before GC invocations=54 (full 2):
 PSYoungGen      total 30720K, used 27351K [0x00000000e0000000, 0x00000000e2580000, 0x0000000100000000)
  eden space 26624K, 94% used [0x00000000e0000000,0x00000000e18958e0,0x00000000e1a00000)
  from space 4096K, 53% used [0x00000000e1a00000,0x00000000e1c20378,0x00000000e1e00000)
  to   space 4096K, 0% used [0x00000000e2180000,0x00000000e2180000,0x00000000e2580000)
 ParOldGen       total 30720K, used 27553K [0x00000000a0000000, 0x00000000a1e00000, 0x00000000e0000000)
  object space 30720K, 89% used [0x00000000a0000000,0x00000000a1ae87f0,0x00000000a1e00000)
 Metaspace       used 57490K, capacity 59028K, committed 59160K, reserved 1099776K
  class space    used 7970K, capacity 8331K, committed 8448K, reserved 1048576K
Event: 244.142 GC heap after
Heap after GC invocations=54 (full 2):
 PSYoungGen      total 33280K, used 2016K [0x00000000e0000000, 0x00000000e2480000, 0x0000000100000000)
  eden space 30208K, 0% used [0x00000000e0000000,0x00000000e0000000,0x00000000e1d80000)
  from space 3072K, 65% used [0x00000000e2180000,0x00000000e2378000,0x00000000e2480000)
  to   space 3584K, 0% used [0x00000000e1d80000,0x00000000e1d80000,0x00000000e2100000)
 ParOldGen       total 30720K, used 28495K [0x00000000a0000000, 0x00000000a1e00000, 0x00000000e0000000)
  object space 30720K, 92% used [0x00000000a0000000,0x00000000a1bd3cc0,0x00000000a1e00000)
 Metaspace       used 57490K, capacity 59028K, committed 59160K, reserved 1099776K
  class space    used 7970K, capacity 8331K, committed 8448K, reserved 1048576K
}
Event: 244.142 GC heap before
{Heap before GC invocations=55 (full 3):
 PSYoungGen      total 33280K, used 2016K [0x00000000e0000000, 0x00000000e2480000, 0x0000000100000000)
  eden space 30208K, 0% used [0x00000000e0000000,0x00000000e0000000,0x00000000e1d80000)
  from space 3072K, 65% used [0x00000000e2180000,0x00000000e2378000,0x00000000e2480000)
  to   space 3584K, 0% used [0x00000000e1d80000,0x00000000e1d80000,0x00000000e2100000)
 ParOldGen       total 30720K, used 28495K [0x00000000a0000000, 0x00000000a1e00000, 0x00000000e0000000)
  object space 30720K, 92% used [0x00000000a0000000,0x00000000a1bd3cc0,0x00000000a1e00000)
 Metaspace       used 57490K, capacity 59028K, committed 59160K, reserved 1099776K
  class space    used 7970K, capacity 8331K, committed 8448K, reserved 1048576K
Event: 244.765 GC heap after
Heap after GC invocations=55 (full 3):
 PSYoungGen      total 33280K, used 0K [0x00000000e0000000, 0x00000000e2480000, 0x0000000100000000)
  eden space 30208K, 0% used [0x00000000e0000000,0x00000000e0000000,0x00000000e1d80000)
  from space 3072K, 0% used [0x00000000e2180000,0x00000000e2180000,0x00000000e2480000)
  to   space 3584K, 0% used [0x00000000e1d80000,0x00000000e1d80000,0x00000000e2100000)
 ParOldGen       total 50688K, used 29258K [0x00000000a0000000, 0x00000000a3180000, 0x00000000e0000000)
  object space 50688K, 57% used [0x00000000a0000000,0x00000000a1c92878,0x00000000a3180000)
 Metaspace       used 57481K, capacity 58998K, committed 59160K, reserved 1099776K
  class space    used 7967K, capacity 8326K, committed 8448K, reserved 1048576K
}
Event: 807.354 GC heap before
{Heap before GC invocations=56 (full 3):
 PSYoungGen      total 33280K, used 30208K [0x00000000e0000000, 0x00000000e2480000, 0x0000000100000000)
  eden space 30208K, 100% used [0x00000000e0000000,0x00000000e1d80000,0x00000000e1d80000)
  from space 3072K, 0% used [0x00000000e2180000,0x00000000e2180000,0x00000000e2480000)
  to   space 3584K, 0% used [0x00000000e1d80000,0x00000000e1d80000,0x00000000e2100000)
 ParOldGen       total 50688K, used 29258K [0x00000000a0000000, 0x00000000a3180000, 0x00000000e0000000)
  object space 50688K, 57% used [0x00000000a0000000,0x00000000a1c92878,0x00000000a3180000)
 Metaspace       used 61204K, capacity 62886K, committed 63232K, reserved 1103872K
  class space    used 8278K, capacity 8674K, committed 8704K, reserved 1048576K
Event: 815.536 GC heap after
Heap after GC invocations=56 (full 3):
 PSYoungGen      total 33792K, used 3578K [0x00000000e0000000, 0x00000000e2900000, 0x0000000100000000)
  eden space 30208K, 0% used [0x00000000e0000000,0x00000000e0000000,0x00000000e1d80000)
  from space 3584K, 99% used [0x00000000e1d80000,0x00000000e20fea90,0x00000000e2100000)
  to   space 4096K, 0% used [0x00000000e2500000,0x00000000e2500000,0x00000000e2900000)
 ParOldGen       total 50688K, used 29377K [0x00000000a0000000, 0x00000000a3180000, 0x00000000e0000000)
  object space 50688K, 57% used [0x00000000a0000000,0x00000000a1cb0408,0x00000000a3180000)
 Metaspace       used 61204K, capacity 62886K, committed 63232K, reserved 1103872K
  class space    used 8278K, capacity 8674K, committed 8704K, reserved 1048576K
}

