# JRE version: Java(TM) SE Runtime Environment (8.0_111-b14) (build 1.8.0_111-b14)
# Java VM: Java HotSpot(TM) 64-Bit Server VM (25.111-b14 mixed mode windows-amd64 compressed oops)
Heap:
 PSYoungGen      total 159744K, used 33448K [0x00000000e0000000, 0x00000000eb780000, 0x0000000100000000)
  eden space 148992K, 20% used [0x00000000e0000000,0x00000000e1da0fd0,0x00000000e9180000)
  from space 10752K, 28% used [0x00000000e9a00000,0x00000000e9d09140,0x00000000ea480000)
  to   space 8704K, 0% used [0x00000000e9180000,0x00000000e9180000,0x00000000e9a00000)
 ParOldGen       total 87040K, used 78426K [0x00000000a0000000, 0x00000000a5500000, 0x00000000e0000000)
  object space 87040K, 90% used [0x00000000a0000000,0x00000000a4c96bc0,0x00000000a5500000)
 Metaspace       used 90197K, capacity 93382K, committed 93568K, reserved 1130496K
  class space    used 11705K, capacity 12346K, committed 12416K, reserved 1048576K
GC Heap History (10 events):
Event: 1301.233 GC heap before
{Heap before GC invocations=99 (full 5):
 PSYoungGen      total 136704K, used 135018K [0x00000000e0000000, 0x00000000ea480000, 0x0000000100000000)
  eden space 126976K, 100% used [0x00000000e0000000,0x00000000e7c00000,0x00000000e7c00000)
  from space 9728K, 82% used [0x00000000e7c00000,0x00000000e83dabb8,0x00000000e8580000)
  to   space 10752K, 0% used [0x00000000e9a00000,0x00000000e9a00000,0x00000000ea480000)
 ParOldGen       total 87040K, used 65052K [0x00000000a0000000, 0x00000000a5500000, 0x00000000e0000000)
  object space 87040K, 74% used [0x00000000a0000000,0x00000000a3f87200,0x00000000a5500000)
 Metaspace       used 90110K, capacity 93284K, committed 93568K, reserved 1130496K
  class space    used 11703K, capacity 12343K, committed 12416K, reserved 1048576K
Event: 1301.669 GC heap after
Heap after GC invocations=99 (full 5):
 PSYoungGen      total 157696K, used 768K [0x00000000e0000000, 0x00000000ea700000, 0x0000000100000000)
  eden space 146944K, 0% used [0x00000000e0000000,0x00000000e0000000,0x00000000e8f80000)
  from space 10752K, 7% used [0x00000000e9a00000,0x00000000e9ac0000,0x00000000ea480000)
  to   space 10752K, 0% used [0x00000000e8f80000,0x00000000e8f80000,0x00000000e9a00000)
 ParOldGen       total 87040K, used 71884K [0x00000000a0000000, 0x00000000a5500000, 0x00000000e0000000)
  object space 87040K, 82% used [0x00000000a0000000,0x00000000a4633168,0x00000000a5500000)
 Metaspace       used 90110K, capacity 93284K, committed 93568K, reserved 1130496K
  class space    used 11703K, capacity 12343K, committed 12416K, reserved 1048576K
}
Event: 1305.290 GC heap before
{Heap before GC invocations=100 (full 5):
 PSYoungGen      total 157696K, used 147712K [0x00000000e0000000, 0x00000000ea700000, 0x0000000100000000)
  eden space 146944K, 100% used [0x00000000e0000000,0x00000000e8f80000,0x00000000e8f80000)
  from space 10752K, 7% used [0x00000000e9a00000,0x00000000e9ac0000,0x00000000ea480000)
  to   space 10752K, 0% used [0x00000000e8f80000,0x00000000e8f80000,0x00000000e9a00000)
 ParOldGen       total 87040K, used 71884K [0x00000000a0000000, 0x00000000a5500000, 0x00000000e0000000)
  object space 87040K, 82% used [0x00000000a0000000,0x00000000a4633168,0x00000000a5500000)
 Metaspace       used 90132K, capacity 93284K, committed 93568K, reserved 1130496K
  class space    used 11703K, capacity 12343K, committed 12416K, reserved 1048576K
Event: 1306.668 GC heap after
Heap after GC invocations=100 (full 5):
 PSYoungGen      total 157696K, used 2457K [0x00000000e0000000, 0x00000000ea700000, 0x0000000100000000)
  eden space 146944K, 0% used [0x00000000e0000000,0x00000000e0000000,0x00000000e8f80000)
  from space 10752K, 22% used [0x00000000e8f80000,0x00000000e91e6740,0x00000000e9a00000)
  to   space 10752K, 0% used [0x00000000e9a00000,0x00000000e9a00000,0x00000000ea480000)
 ParOldGen       total 87040K, used 72544K [0x00000000a0000000, 0x00000000a5500000, 0x00000000e0000000)
  object space 87040K, 83% used [0x00000000a0000000,0x00000000a46d8020,0x00000000a5500000)
 Metaspace       used 90132K, capacity 93284K, committed 93568K, reserved 1130496K
  class space    used 11703K, capacity 12343K, committed 12416K, reserved 1048576K
}
Event: 1309.391 GC heap before
{Heap before GC invocations=101 (full 5):
 PSYoungGen      total 157696K, used 149401K [0x00000000e0000000, 0x00000000ea700000, 0x0000000100000000)
  eden space 146944K, 100% used [0x00000000e0000000,0x00000000e8f80000,0x00000000e8f80000)
  from space 10752K, 22% used [0x00000000e8f80000,0x00000000e91e6740,0x00000000e9a00000)
  to   space 10752K, 0% used [0x00000000e9a00000,0x00000000e9a00000,0x00000000ea480000)
 ParOldGen       total 87040K, used 72544K [0x00000000a0000000, 0x00000000a5500000, 0x00000000e0000000)
  object space 87040K, 83% used [0x00000000a0000000,0x00000000a46d8020,0x00000000a5500000)
 Metaspace       used 90147K, capacity 93284K, committed 93568K, reserved 1130496K
  class space    used 11703K, capacity 12343K, committed 12416K, reserved 1048576K
Event: 1309.516 GC heap after
Heap after GC invocations=101 (full 5):
 PSYoungGen      total 157696K, used 2260K [0x00000000e0000000, 0x00000000ea700000, 0x0000000100000000)
  eden space 146944K, 0% used [0x00000000e0000000,0x00000000e0000000,0x00000000e8f80000)
  from space 10752K, 21% used [0x00000000e9a00000,0x00000000e9c35148,0x00000000ea480000)
  to   space 10752K, 0% used [0x00000000e8f80000,0x00000000e8f80000,0x00000000e9a00000)
 ParOldGen       total 87040K, used 74908K [0x00000000a0000000, 0x00000000a5500000, 0x00000000e0000000)
  object space 87040K, 86% used [0x00000000a0000000,0x00000000a4927050,0x00000000a5500000)
 Metaspace       used 90147K, capacity 93284K, committed 93568K, reserved 1130496K
  class space    used 11703K, capacity 12343K, committed 12416K, reserved 1048576K
}
Event: 1312.577 GC heap before
{Heap before GC invocations=102 (full 5):
 PSYoungGen      total 157696K, used 149204K [0x00000000e0000000, 0x00000000ea700000, 0x0000000100000000)
  eden space 146944K, 100% used [0x00000000e0000000,0x00000000e8f80000,0x00000000e8f80000)
  from space 10752K, 21% used [0x00000000e9a00000,0x00000000e9c35148,0x00000000ea480000)
  to   space 10752K, 0% used [0x00000000e8f80000,0x00000000e8f80000,0x00000000e9a00000)
 ParOldGen       total 87040K, used 74908K [0x00000000a0000000, 0x00000000a5500000, 0x00000000e0000000)
  object space 87040K, 86% used [0x00000000a0000000,0x00000000a4927050,0x00000000a5500000)
 Metaspace       used 90167K, capacity 93292K, committed 93568K, reserved 1130496K
  class space    used 11703K, capacity 12343K, committed 12416K, reserved 1048576K
Event: 1312.624 GC heap after
Heap after GC invocations=102 (full 5):
 PSYoungGen      total 157696K, used 2573K [0x00000000e0000000, 0x00000000ea700000, 0x0000000100000000)
  eden space 146944K, 0% used [0x00000000e0000000,0x00000000e0000000,0x00000000e8f80000)
  from space 10752K, 23% used [0x00000000e8f80000,0x00000000e92035c0,0x00000000e9a00000)
  to   space 10752K, 0% used [0x00000000e9a00000,0x00000000e9a00000,0x00000000ea480000)
 ParOldGen       total 87040K, used 76916K [0x00000000a0000000, 0x00000000a5500000, 0x00000000e0000000)
  object space 87040K, 88% used [0x00000000a0000000,0x00000000a4b1d070,0x00000000a5500000)
 Metaspace       used 90167K, capacity 93292K, committed 93568K, reserved 1130496K
  class space    used 11703K, capacity 12343K, committed 12416K, reserved 1048576K
}
Event: 1315.478 GC heap before
{Heap before GC invocations=103 (full 5):
 PSYoungGen      total 157696K, used 149517K [0x00000000e0000000, 0x00000000ea700000, 0x0000000100000000)
  eden space 146944K, 100% used [0x00000000e0000000,0x00000000e8f80000,0x00000000e8f80000)
  from space 10752K, 23% used [0x00000000e8f80000,0x00000000e92035c0,0x00000000e9a00000)
  to   space 10752K, 0% used [0x00000000e9a00000,0x00000000e9a00000,0x00000000ea480000)
 ParOldGen       total 87040K, used 76916K [0x00000000a0000000, 0x00000000a5500000, 0x00000000e0000000)
  object space 87040K, 88% used [0x00000000a0000000,0x00000000a4b1d070,0x00000000a5500000)
 Metaspace       used 90187K, capacity 93378K, committed 93568K, reserved 1130496K
  class space    used 11705K, capacity 12346K, committed 12416K, reserved 1048576K
Event: 1315.536 GC heap after
Heap after GC invocations=103 (full 5):
 PSYoungGen      total 159744K, used 3108K [0x00000000e0000000, 0x00000000eb780000, 0x0000000100000000)
  eden space 148992K, 0% used [0x00000000e0000000,0x00000000e0000000,0x00000000e9180000)
  from space 10752K, 28% used [0x00000000e9a00000,0x00000000e9d09140,0x00000000ea480000)
  to   space 8704K, 0% used [0x00000000e9180000,0x00000000e9180000,0x00000000e9a00000)
 ParOldGen       total 87040K, used 78426K [0x00000000a0000000, 0x00000000a5500000, 0x00000000e0000000)
  object space 87040K, 90% used [0x00000000a0000000,0x00000000a4c96bc0,0x00000000a5500000)
 Metaspace       used 90187K, capacity 93378K, committed 93568K, reserved 1130496K
  class space    used 11705K, capacity 12346K, committed 12416K, reserved 1048576K
}

