# JRE version: Java(TM) SE Runtime Environment (8.0_111-b14) (build 1.8.0_111-b14)
# Java VM: Java HotSpot(TM) 64-Bit Server VM (25.111-b14 mixed mode windows-amd64 compressed oops)
Heap:
 PSYoungGen      total 120832K, used 55792K [0x00000000e0000000, 0x00000000ea380000, 0x0000000100000000)
  eden space 95744K, 58% used [0x00000000e0000000,0x00000000e367c100,0x00000000e5d80000)
  from space 25088K, 0% used [0x00000000e5d80000,0x00000000e5d80000,0x00000000e7600000)
  to   space 34304K, 0% used [0x00000000e8200000,0x00000000e8200000,0x00000000ea380000)
 ParOldGen       total 90112K, used 79190K [0x00000000a0000000, 0x00000000a5800000, 0x00000000e0000000)
  object space 90112K, 87% used [0x00000000a0000000,0x00000000a4d55a48,0x00000000a5800000)
 Metaspace       used 87420K, capacity 90622K, committed 90880K, reserved 1130496K
  class space    used 11360K, capacity 12024K, committed 12032K, reserved 1048576K
GC Heap History (10 events):
Event: 1192.337 GC heap before
{Heap before GC invocations=128 (full 5):
 PSYoungGen      total 112128K, used 97798K [0x00000000e0000000, 0x00000000e8100000, 0x0000000100000000)
  eden space 93184K, 100% used [0x00000000e0000000,0x00000000e5b00000,0x00000000e5b00000)
  from space 18944K, 24% used [0x00000000e6e00000,0x00000000e7281b38,0x00000000e8080000)
  to   space 19456K, 0% used [0x00000000e5b00000,0x00000000e5b00000,0x00000000e6e00000)
 ParOldGen       total 82432K, used 79932K [0x00000000a0000000, 0x00000000a5080000, 0x00000000e0000000)
  object space 82432K, 96% used [0x00000000a0000000,0x00000000a4e0f060,0x00000000a5080000)
 Metaspace       used 87351K, capacity 90548K, committed 90624K, reserved 1128448K
  class space    used 11357K, capacity 12027K, committed 12032K, reserved 1048576K
Event: 1192.522 GC heap after
Heap after GC invocations=128 (full 5):
 PSYoungGen      total 112640K, used 19448K [0x00000000e0000000, 0x00000000e8e80000, 0x0000000100000000)
  eden space 93184K, 0% used [0x00000000e0000000,0x00000000e0000000,0x00000000e5b00000)
  from space 19456K, 99% used [0x00000000e5b00000,0x00000000e6dfe260,0x00000000e6e00000)
  to   space 25088K, 0% used [0x00000000e7600000,0x00000000e7600000,0x00000000e8e80000)
 ParOldGen       total 89088K, used 88840K [0x00000000a0000000, 0x00000000a5700000, 0x00000000e0000000)
  object space 89088K, 99% used [0x00000000a0000000,0x00000000a56c2290,0x00000000a5700000)
 Metaspace       used 87351K, capacity 90548K, committed 90624K, reserved 1128448K
  class space    used 11357K, capacity 12027K, committed 12032K, reserved 1048576K
}
Event: 1192.555 GC heap before
{Heap before GC invocations=129 (full 6):
 PSYoungGen      total 112640K, used 19448K [0x00000000e0000000, 0x00000000e8e80000, 0x0000000100000000)
  eden space 93184K, 0% used [0x00000000e0000000,0x00000000e0000000,0x00000000e5b00000)
  from space 19456K, 99% used [0x00000000e5b00000,0x00000000e6dfe260,0x00000000e6e00000)
  to   space 25088K, 0% used [0x00000000e7600000,0x00000000e7600000,0x00000000e8e80000)
 ParOldGen       total 89088K, used 88840K [0x00000000a0000000, 0x00000000a5700000, 0x00000000e0000000)
  object space 89088K, 99% used [0x00000000a0000000,0x00000000a56c2290,0x00000000a5700000)
 Metaspace       used 87351K, capacity 90548K, committed 90624K, reserved 1128448K
  class space    used 11357K, capacity 12027K, committed 12032K, reserved 1048576K
Event: 1209.915 GC heap after
Heap after GC invocations=129 (full 6):
 PSYoungGen      total 112640K, used 0K [0x00000000e0000000, 0x00000000e8e80000, 0x0000000100000000)
  eden space 93184K, 0% used [0x00000000e0000000,0x00000000e0000000,0x00000000e5b00000)
  from space 19456K, 0% used [0x00000000e5b00000,0x00000000e5b00000,0x00000000e6e00000)
  to   space 25088K, 0% used [0x00000000e7600000,0x00000000e7600000,0x00000000e8e80000)
 ParOldGen       total 89088K, used 75405K [0x00000000a0000000, 0x00000000a5700000, 0x00000000e0000000)
  object space 89088K, 84% used [0x00000000a0000000,0x00000000a49a3440,0x00000000a5700000)
 Metaspace       used 87342K, capacity 90536K, committed 90624K, reserved 1128448K
  class space    used 11353K, capacity 12021K, committed 12032K, reserved 1048576K
}
Event: 1225.143 GC heap before
{Heap before GC invocations=130 (full 6):
 PSYoungGen      total 112640K, used 93048K [0x00000000e0000000, 0x00000000e8e80000, 0x0000000100000000)
  eden space 93184K, 99% used [0x00000000e0000000,0x00000000e5ade3e8,0x00000000e5b00000)
  from space 19456K, 0% used [0x00000000e5b00000,0x00000000e5b00000,0x00000000e6e00000)
  to   space 25088K, 0% used [0x00000000e7600000,0x00000000e7600000,0x00000000e8e80000)
 ParOldGen       total 89088K, used 75405K [0x00000000a0000000, 0x00000000a5700000, 0x00000000e0000000)
  object space 89088K, 84% used [0x00000000a0000000,0x00000000a49a3440,0x00000000a5700000)
 Metaspace       used 87383K, capacity 90558K, committed 90624K, reserved 1128448K
  class space    used 11357K, capacity 12024K, committed 12032K, reserved 1048576K
Event: 1225.169 GC heap after
Heap after GC invocations=130 (full 6):
 PSYoungGen      total 120832K, used 4968K [0x00000000e0000000, 0x00000000e8e80000, 0x0000000100000000)
  eden space 95744K, 0% used [0x00000000e0000000,0x00000000e0000000,0x00000000e5d80000)
  from space 25088K, 19% used [0x00000000e7600000,0x00000000e7ada368,0x00000000e8e80000)
  to   space 25088K, 0% used [0x00000000e5d80000,0x00000000e5d80000,0x00000000e7600000)
 ParOldGen       total 89088K, used 75413K [0x00000000a0000000, 0x00000000a5700000, 0x00000000e0000000)
  object space 89088K, 84% used [0x00000000a0000000,0x00000000a49a5440,0x00000000a5700000)
 Metaspace       used 87383K, capacity 90558K, committed 90624K, reserved 1128448K
  class space    used 11357K, capacity 12024K, committed 12032K, reserved 1048576K
}
Event: 1228.848 GC heap before
{Heap before GC invocations=131 (full 6):
 PSYoungGen      total 120832K, used 100712K [0x00000000e0000000, 0x00000000e8e80000, 0x0000000100000000)
  eden space 95744K, 100% used [0x00000000e0000000,0x00000000e5d80000,0x00000000e5d80000)
  from space 25088K, 19% used [0x00000000e7600000,0x00000000e7ada368,0x00000000e8e80000)
  to   space 25088K, 0% used [0x00000000e5d80000,0x00000000e5d80000,0x00000000e7600000)
 ParOldGen       total 89088K, used 75413K [0x00000000a0000000, 0x00000000a5700000, 0x00000000e0000000)
  object space 89088K, 84% used [0x00000000a0000000,0x00000000a49a5440,0x00000000a5700000)
 Metaspace       used 87416K, capacity 90622K, committed 90880K, reserved 1130496K
  class space    used 11360K, capacity 12024K, committed 12032K, reserved 1048576K
Event: 1229.056 GC heap after
Heap after GC invocations=131 (full 6):
 PSYoungGen      total 120832K, used 25072K [0x00000000e0000000, 0x00000000ea380000, 0x0000000100000000)
  eden space 95744K, 0% used [0x00000000e0000000,0x00000000e0000000,0x00000000e5d80000)
  from space 25088K, 99% used [0x00000000e5d80000,0x00000000e75fc1e8,0x00000000e7600000)
  to   space 34304K, 0% used [0x00000000e8200000,0x00000000e8200000,0x00000000ea380000)
 ParOldGen       total 90112K, used 89742K [0x00000000a0000000, 0x00000000a5800000, 0x00000000e0000000)
  object space 90112K, 99% used [0x00000000a0000000,0x00000000a57a3bf8,0x00000000a5800000)
 Metaspace       used 87416K, capacity 90622K, committed 90880K, reserved 1130496K
  class space    used 11360K, capacity 12024K, committed 12032K, reserved 1048576K
}
Event: 1229.056 GC heap before
{Heap before GC invocations=132 (full 7):
 PSYoungGen      total 120832K, used 25072K [0x00000000e0000000, 0x00000000ea380000, 0x0000000100000000)
  eden space 95744K, 0% used [0x00000000e0000000,0x00000000e0000000,0x00000000e5d80000)
  from space 25088K, 99% used [0x00000000e5d80000,0x00000000e75fc1e8,0x00000000e7600000)
  to   space 34304K, 0% used [0x00000000e8200000,0x00000000e8200000,0x00000000ea380000)
 ParOldGen       total 90112K, used 89742K [0x00000000a0000000, 0x00000000a5800000, 0x00000000e0000000)
  object space 90112K, 99% used [0x00000000a0000000,0x00000000a57a3bf8,0x00000000a5800000)
 Metaspace       used 87416K, capacity 90622K, committed 90880K, reserved 1130496K
  class space    used 11360K, capacity 12024K, committed 12032K, reserved 1048576K
Event: 1230.488 GC heap after
Heap after GC invocations=132 (full 7):
 PSYoungGen      total 120832K, used 0K [0x00000000e0000000, 0x00000000ea380000, 0x0000000100000000)
  eden space 95744K, 0% used [0x00000000e0000000,0x00000000e0000000,0x00000000e5d80000)
  from space 25088K, 0% used [0x00000000e5d80000,0x00000000e5d80000,0x00000000e7600000)
  to   space 34304K, 0% used [0x00000000e8200000,0x00000000e8200000,0x00000000ea380000)
 ParOldGen       total 90112K, used 79190K [0x00000000a0000000, 0x00000000a5800000, 0x00000000e0000000)
  object space 90112K, 87% used [0x00000000a0000000,0x00000000a4d55a48,0x00000000a5800000)
 Metaspace       used 87416K, capacity 90622K, committed 90880K, reserved 1130496K
  class space    used 11360K, capacity 12024K, committed 12032K, reserved 1048576K
}

